Copyright 1986-2017 Xilinx, Inc. All Rights Reserved.
------------------------------------------------------------------------------------
| Tool Version : Vivado v.2017.2 (win64) Build 1909853 Thu Jun 15 18:39:09 MDT 2017
| Date         : Wed Nov 29 21:38:39 2023
| Host         : Hungmaosong running 64-bit major release  (build 9200)
| Command      : report_drc -file led_drc_opted.rpt
| Design       : led
| Device       : xc7z020clg484-1
| Speed File   : -1
| Design State : Synthesized
------------------------------------------------------------------------------------

Report DRC

Table of Contents
-----------------
1. REPORT SUMMARY
2. REPORT DETAILS

1. REPORT SUMMARY
-----------------
            Netlist: netlist
          Floorplan: design_1
      Design limits: <entire design considered>
           Ruledeck: default
             Max violations: <unlimited>
             Violations found: 2
+--------+----------+------------------------------------------------+------------+
| Rule   | Severity | Description                                    | Violations |
+--------+----------+------------------------------------------------+------------+
| PLIO-3 | Warning  | Placement Constraints Check for IO constraints | 1          |
| ZPS7-1 | Warning  | PS7 block required                             | 1          |
+--------+----------+------------------------------------------------+------------+

2. REPORT DETAILS
-----------------
PLIO-3#1 Warning
Placement Constraints Check for IO constraints  
Partially locked IO Bus is found. Following components of the IO Bus switch[7:0] are not locked:  switch[7] switch[6] switch[5] switch[4] switch[3] switch[2] switch[1]
Related violations: <none>

ZPS7-1#1 Warning
PS7 block required  
The PS7 cell must be used in this Zynq design in order to enable correct default configuration.
Related violations: <none>


