22:09:43 INFO  : Registering command handlers for SDK TCF services
22:09:43 INFO  : Launching XSCT server: xsct.bat -interactive C:\xilinx_lab_project\lab2\project_1\project_1.sdk\temp_xsdb_launch_script.tcl
22:09:45 INFO  : XSCT server has started successfully.
22:09:48 INFO  : Successfully done setting XSCT server connection channel  
22:09:48 INFO  : Successfully done setting SDK workspace  
22:09:48 INFO  : Processing command line option -hwspec C:/xilinx_lab_project/lab2/project_1/project_1.sdk/design_1_wrapper.hdf.
22:18:51 INFO  : Attempting to launch Hardware server...
22:18:51 INFO  : Hardware server is launched successfully.
22:25:25 INFO  : Connected to target on host '127.0.0.1' and port '3121'.
22:25:25 INFO  : Jtag cable 'Digilent Zed 210248650432' is selected.
22:25:25 INFO  : 'jtag frequency' command is executed.
22:25:25 INFO  : Sourcing of 'C:/xilinx_lab_project/lab2/project_1/project_1.sdk/design_1_wrapper_hw_platform_0/ps7_init.tcl' is done.
22:25:26 INFO  : Context for 'APU' is selected.
22:25:26 INFO  : System reset is completed.
22:25:29 INFO  : 'after 3000' command is executed.
22:25:29 INFO  : 'targets -set -filter {jtag_cable_name =~ "Digilent Zed 210248650432" && level==0} -index 1' command is executed.
22:25:31 INFO  : FPGA configured successfully with bitstream "C:/xilinx_lab_project/lab2/project_1/project_1.sdk/design_1_wrapper_hw_platform_0/design_1_wrapper.bit"
22:25:31 INFO  : Context for 'APU' is selected.
22:25:31 INFO  : Hardware design information is loaded from 'C:/xilinx_lab_project/lab2/project_1/project_1.sdk/design_1_wrapper_hw_platform_0/system.hdf'.
22:25:31 INFO  : 'configparams force-mem-access 1' command is executed.
22:25:31 INFO  : Context for 'APU' is selected.
22:25:31 INFO  : 'ps7_init' command is executed.
22:25:31 INFO  : 'ps7_post_config' command is executed.
22:25:31 INFO  : Context for processor 'ps7_cortexa9_0' is selected.
22:25:32 INFO  : The application 'C:/xilinx_lab_project/lab2/project_1/project_1.sdk/lab2_gpio_test/Debug/lab2_gpio_test.elf' is downloaded to processor 'ps7_cortexa9_0'.
22:25:32 INFO  : 'configparams force-mem-access 0' command is executed.
22:25:32 INFO  : ----------------XSDB Script----------------
connect -url tcp:127.0.0.1:3121
source C:/xilinx_lab_project/lab2/project_1/project_1.sdk/design_1_wrapper_hw_platform_0/ps7_init.tcl
targets -set -nocase -filter {name =~"APU*" && jtag_cable_name =~ "Digilent Zed 210248650432"} -index 0
rst -system
after 3000
targets -set -filter {jtag_cable_name =~ "Digilent Zed 210248650432" && level==0} -index 1
fpga -file C:/xilinx_lab_project/lab2/project_1/project_1.sdk/design_1_wrapper_hw_platform_0/design_1_wrapper.bit
targets -set -nocase -filter {name =~"APU*" && jtag_cable_name =~ "Digilent Zed 210248650432"} -index 0
loadhw -hw C:/xilinx_lab_project/lab2/project_1/project_1.sdk/design_1_wrapper_hw_platform_0/system.hdf -mem-ranges [list {0x40000000 0xbfffffff}]
configparams force-mem-access 1
targets -set -nocase -filter {name =~"APU*" && jtag_cable_name =~ "Digilent Zed 210248650432"} -index 0
ps7_init
ps7_post_config
targets -set -nocase -filter {name =~ "ARM*#0" && jtag_cable_name =~ "Digilent Zed 210248650432"} -index 0
dow C:/xilinx_lab_project/lab2/project_1/project_1.sdk/lab2_gpio_test/Debug/lab2_gpio_test.elf
configparams force-mem-access 0
----------------End of Script----------------

22:25:32 INFO  : Memory regions updated for context APU
22:25:32 INFO  : Context for processor 'ps7_cortexa9_0' is selected.
22:25:32 INFO  : 'con' command is executed.
22:25:32 INFO  : ----------------XSDB Script (After Launch)----------------
targets -set -nocase -filter {name =~ "ARM*#0" && jtag_cable_name =~ "Digilent Zed 210248650432"} -index 0
con
----------------End of Script----------------

22:25:32 INFO  : Launch script is exported to file 'C:\xilinx_lab_project\lab2\project_1\project_1.sdk\.sdk\launch_scripts\xilinx_c-c++_application_(system_debugger)\system_debugger_on_local.tcl'
22:32:48 INFO  : Disconnected from the channel tcfchan#1.
